{"level":"info","message":"Database: mongodb+srv://santiago:LfLsVBNa8GJM9LX@coderhouse.rqxyiiw.mongodb.net/ecommerce"}
{"level":"info","message":"Server on port 8080: http://localhost:8080"}
{"level":"info","message":"Database: mongodb+srv://santiago:LfLsVBNa8GJM9LX@coderhouse.rqxyiiw.mongodb.net/ecommerce"}
{"level":"info","message":"Server on port 8080: http://localhost:8080"}
{"level":"error","message":"undefined - Name, last name, email, and password are required fields. | [STATUS: 500]"}
{"level":"error","message":"undefined - Name, last name, email, and password are required fields. | [STATUS: 500]"}
{"level":"error","message":"undefined - Name, last name, email, and password are required fields. | [STATUS: 500]"}
{"level":"error","message":"undefined - Name, last name, email, and password are required fields. | [STATUS: 500]"}
{"level":"error","message":"undefined - Name, last name, email, and password are required fields. | [STATUS: 500]"}
{"level":"error","message":"undefined - Name, last name, email, and password are required fields. | [STATUS: 500]"}
{"level":"error","message":"DUPLICATED_KEY - User email already exists | [STATUS: 409]"}
{"level":"error","message":"DUPLICATED_KEY - User email already exists | [STATUS: 409]"}
{"level":"error","message":"DUPLICATED_KEY - User email already exists | [STATUS: 409]"}
{"level":"error","message":"UNAUTHORIZED - Unauthorized | [STATUS: 401]"}
{"level":"error","message":"UNAUTHORIZED - Unauthorized | [STATUS: 401]"}
{"level":"error","message":"UNAUTHORIZED - Unauthorized | [STATUS: 401]"}
{"level":"error","message":"UNAUTHORIZED - Unauthorized | [STATUS: 401]"}
{"level":"error","message":"UNAUTHORIZED - Unauthorized | [STATUS: 401]"}
{"level":"error","message":"UNAUTHORIZED - Failed to authenticate user | [STATUS: 401]"}
{"level":"error","message":"UNAUTHORIZED - Failed to authenticate user | [STATUS: 401]"}
{"level":"error","message":"UNAUTHORIZED - Unauthorized | [STATUS: 401]"}
{"level":"error","message":"UNAUTHORIZED - Unauthorized | [STATUS: 401]"}
{"level":"error","message":"UNAUTHORIZED - Failed to authenticate user | [STATUS: 401]"}
{"level":"error","message":"UNAUTHORIZED - Failed to authenticate user | [STATUS: 401]"}
{"level":"error","message":"UNAUTHORIZED - Failed to authenticate user | [STATUS: 401]"}
{"level":"error","message":"UNAUTHORIZED - Unauthorized | [STATUS: 401]"}
{"level":"error","message":"UNAUTHORIZED - Failed to authenticate user | [STATUS: 401]"}
{"level":"info","message":"Database: mongodb+srv://santiago:LfLsVBNa8GJM9LX@coderhouse.rqxyiiw.mongodb.net/ecommerce"}
{"level":"info","message":"Server on port 8080: http://localhost:8080"}
{"level":"http","message":"[GET] /"}
{"level":"http","message":"[GET] /css/products.client.css"}
{"level":"http","message":"[GET] /css/productDetails.client.css"}
{"level":"http","message":"[GET] /css/cartDetails.client.css"}
{"level":"http","message":"[GET] /css/navBar.client.css"}
{"level":"http","message":"[GET] /favicon.ico"}
{"level":"http","message":"[GET] /css/products.client.css"}
{"level":"http","message":"[GET] /css/productDetails.client.css"}
{"level":"http","message":"[GET] /css/cartDetails.client.css"}
{"level":"http","message":"[GET] /css/navBar.client.css"}
{"level":"http","message":"[GET] /login"}
{"level":"http","message":"[GET] /css/products.client.css"}
{"level":"http","message":"[GET] /js/onboarding/login.js"}
{"level":"http","message":"[GET] /css/productDetails.client.css"}
{"level":"http","message":"[GET] /css/cartDetails.client.css"}
{"level":"http","message":"[GET] /css/navBar.client.css"}
{"level":"http","message":"[POST] /api/sessions"}
{"level":"http","message":"[GET] /profile"}
{"level":"http","message":"[GET] /css/products.client.css"}
{"level":"http","message":"[GET] /css/productDetails.client.css"}
{"level":"http","message":"[GET] /css/cartDetails.client.css"}
{"level":"http","message":"[GET] /css/navBar.client.css"}
{"level":"http","message":"[GET] /js/profile/profile.js"}
{"level":"http","message":"[GET] /api/users/current"}
{"level":"info","message":"Database: mongodb+srv://santiago:LfLsVBNa8GJM9LX@coderhouse.rqxyiiw.mongodb.net/ecommerce"}
{"level":"info","message":"Server on port 8080: http://localhost:8080"}
{"level":"info","message":"Database: mongodb+srv://santiago:LfLsVBNa8GJM9LX@coderhouse.rqxyiiw.mongodb.net/ecommerce"}
{"level":"info","message":"Server on port 8080: http://localhost:8080"}
{"level":"info","message":"Database: mongodb+srv://santiago:LfLsVBNa8GJM9LX@coderhouse.rqxyiiw.mongodb.net/ecommerce"}
{"level":"info","message":"Server on port 8080: http://localhost:8080"}
{"level":"info","message":"Database: mongodb+srv://santiago:LfLsVBNa8GJM9LX@coderhouse.rqxyiiw.mongodb.net/ecommerce"}
{"level":"info","message":"Server on port 8080: http://localhost:8080"}
{"level":"info","message":"Database: mongodb+srv://santiago:LfLsVBNa8GJM9LX@coderhouse.rqxyiiw.mongodb.net/ecommerce"}
{"level":"info","message":"Server on port 8080: http://localhost:8080"}
{"level":"info","message":"Database: mongodb+srv://santiago:LfLsVBNa8GJM9LX@coderhouse.rqxyiiw.mongodb.net/ecommerce"}
{"level":"info","message":"Server on port 8080: http://localhost:8080"}
{"level":"info","message":"Database: mongodb+srv://santiago:LfLsVBNa8GJM9LX@coderhouse.rqxyiiw.mongodb.net/ecommerce"}
{"level":"info","message":"Server on port 8080: http://localhost:8080"}
{"level":"info","message":"Database: mongodb+srv://santiago:LfLsVBNa8GJM9LX@coderhouse.rqxyiiw.mongodb.net/ecommerce"}
{"level":"info","message":"Server on port 8080: http://localhost:8080"}
{"level":"info","message":"Database: mongodb+srv://santiago:LfLsVBNa8GJM9LX@coderhouse.rqxyiiw.mongodb.net/ecommerce"}
{"level":"info","message":"Server on port 8080: http://localhost:8080"}
{"level":"error","message":"UNAUTHORIZED - Failed to authenticate user | [STATUS: 401]"}
{"level":"error","message":"NOT_FOUND - User not found | [STATUS: 404]"}
{"level":"error","message":"UNAUTHORIZED - Unauthorized | [STATUS: 401]"}
{"level":"error","message":"UNAUTHORIZED - Unauthorized | [STATUS: 401]"}
{"level":"error","message":"UNAUTHORIZED - Unauthorized | [STATUS: 401]"}
{"level":"error","message":"UNAUTHORIZED - Unauthorized | [STATUS: 401]"}
{"level":"error","message":"UNAUTHORIZED - Unauthorized | [STATUS: 401]"}
{"level":"error","message":"UNAUTHORIZED - Unauthorized | [STATUS: 401]"}
{"level":"error","message":"UNAUTHORIZED - Unauthorized | [STATUS: 401]"}
{"level":"error","message":"UNAUTHORIZED - Unauthorized | [STATUS: 401]"}
{"level":"error","message":"UNAUTHORIZED - Unauthorized | [STATUS: 401]"}
{"level":"info","message":"Database: mongodb+srv://santiago:LfLsVBNa8GJM9LX@coderhouse.rqxyiiw.mongodb.net/ecommerce"}
{"level":"info","message":"Server on port 9090: http://localhost:8080"}
{"level":"http","message":"[POST] /api/sessions"}
{"level":"http","message":"[POST] /api/products"}
{"level":"error","message":"UNAUTHORIZED - Unauthorized | [STATUS: 401]"}
{"level":"info","message":"Database connection closed"}
{"level":"info","message":"Database: mongodb+srv://santiago:LfLsVBNa8GJM9LX@coderhouse.rqxyiiw.mongodb.net/ecommerce"}
{"level":"info","message":"Server on port 9090: http://localhost:8080"}
{"level":"http","message":"[POST] /api/sessions"}
{"level":"http","message":"[POST] /api/products"}
{"level":"error","message":"UNAUTHORIZED - Unauthorized | [STATUS: 401]"}
{"level":"info","message":"Database connection closed"}
{"level":"info","message":"Database: mongodb+srv://santiago:LfLsVBNa8GJM9LX@coderhouse.rqxyiiw.mongodb.net/ecommerce"}
{"level":"info","message":"Server on port 9090: http://localhost:8080"}
{"level":"http","message":"[POST] /api/sessions"}
{"level":"http","message":"[POST] /api/products"}
{"level":"error","message":"UNAUTHORIZED - Unauthorized | [STATUS: 401]"}
{"level":"info","message":"Database connection closed"}
{"level":"info","message":"Database: mongodb+srv://santiago:LfLsVBNa8GJM9LX@coderhouse.rqxyiiw.mongodb.net/ecommerce"}
{"level":"info","message":"Server on port 9090: http://localhost:8080"}
{"level":"http","message":"[POST] /api/sessions"}
{"level":"http","message":"[POST] /api/products"}
{"level":"error","message":"UNAUTHORIZED - Unauthorized | [STATUS: 401]"}
{"level":"info","message":"Database connection closed"}
{"level":"info","message":"Database: mongodb+srv://santiago:LfLsVBNa8GJM9LX@coderhouse.rqxyiiw.mongodb.net/ecommerce"}
{"level":"info","message":"Server on port 9090: http://localhost:8080"}
{"level":"http","message":"[POST] /api/sessions"}
{"level":"http","message":"[POST] /api/products"}
{"level":"error","message":"UNAUTHORIZED - Unauthorized | [STATUS: 401]"}
{"level":"info","message":"Database connection closed"}
{"level":"info","message":"Database: mongodb+srv://santiago:LfLsVBNa8GJM9LX@coderhouse.rqxyiiw.mongodb.net/ecommerce"}
{"level":"info","message":"Server on port 9090: http://localhost:8080"}
{"level":"http","message":"[POST] /api/sessions"}
{"level":"http","message":"[POST] /api/products"}
{"level":"error","message":"UNAUTHORIZED - Unauthorized | [STATUS: 401]"}
{"level":"info","message":"Database connection closed"}
{"level":"info","message":"Database: mongodb+srv://santiago:LfLsVBNa8GJM9LX@coderhouse.rqxyiiw.mongodb.net/ecommerce"}
{"level":"info","message":"Server on port 9090: http://localhost:8080"}
{"level":"http","message":"[POST] /api/sessions"}
{"level":"http","message":"[POST] /api/products"}
{"level":"error","message":"UNAUTHORIZED - Unauthorized | [STATUS: 401]"}
{"level":"info","message":"Database connection closed"}
{"level":"info","message":"Database: mongodb+srv://santiago:LfLsVBNa8GJM9LX@coderhouse.rqxyiiw.mongodb.net/ecommerce"}
{"level":"info","message":"Server on port 8080: http://localhost:8080"}
{"level":"http","message":"[GET] /profile"}
{"level":"http","message":"[GET] /css/products.client.css"}
{"level":"http","message":"[GET] /css/productDetails.client.css"}
{"level":"http","message":"[GET] /css/cartDetails.client.css"}
{"level":"http","message":"[GET] /css/navBar.client.css"}
{"level":"http","message":"[GET] /js/profile/profile.js"}
{"level":"http","message":"[GET] /api/users/current"}
{"level":"http","message":"[DELETE] /api/sessions/current"}
{"level":"http","message":"[GET] /login"}
{"level":"http","message":"[GET] /css/products.client.css"}
{"level":"http","message":"[GET] /css/productDetails.client.css"}
{"level":"http","message":"[GET] /css/navBar.client.css"}
{"level":"http","message":"[GET] /js/onboarding/login.js"}
{"level":"http","message":"[GET] /css/cartDetails.client.css"}
{"level":"error","message":"UNAUTHORIZED - Unauthorized | [STATUS: 401]"}
{"level":"error","message":"UNAUTHORIZED - Failed to authenticate user | [STATUS: 401]"}
{"level":"error","message":"UNAUTHORIZED - Unauthorized | [STATUS: 401]"}
{"level":"error","message":"DUPLICATED_KEY - Product code already exists | [STATUS: 409]"}
{"level":"error","message":"DUPLICATED_KEY - Product code already exists | [STATUS: 409]"}
{"level":"error","message":"INCORRECT_DATA - Validation failed. Product data is invalid. | [STATUS: 400]"}
{"level":"error","message":"INCORRECT_DATA - Validation failed. Product data is invalid. | [STATUS: 400]"}
{"level":"error","message":"INCORRECT_DATA - Validation failed. Product data is invalid. | [STATUS: 400]"}
{"level":"error","message":"INCORRECT_DATA - Validation failed. Product data is invalid. | [STATUS: 400]"}
{"level":"error","message":"INCORRECT_DATA - Validation failed. Product data is invalid. | [STATUS: 400]"}
{"level":"error","message":"INCORRECT_DATA - Validation failed. Product data is invalid. | [STATUS: 400]"}
{"level":"error","message":"INCORRECT_DATA - Validation failed. Product data is invalid. | [STATUS: 400]"}
{"level":"error","message":"INCORRECT_DATA - Validation failed. Product data is invalid. | [STATUS: 400]"}
{"level":"error","message":"DUPLICATED_KEY - Product code already exists | [STATUS: 409]"}
{"level":"error","message":"INCORRECT_DATA - Validation failed. Product data is invalid. | [STATUS: 400]"}
{"level":"error","message":"INCORRECT_DATA - Validation failed. Product data is invalid. | [STATUS: 400]"}
{"level":"error","message":"INCORRECT_DATA - Validation failed. Product data is invalid. | [STATUS: 400]"}
{"level":"error","message":"INCORRECT_DATA - Validation failed. Product data is invalid. | [STATUS: 400]"}
{"level":"error","message":"INCORRECT_DATA - Validation failed. Product data is invalid. | [STATUS: 400]"}
{"level":"error","message":"INCORRECT_DATA - Validation failed. Product data is invalid. | [STATUS: 400]"}
{"level":"error","message":"INCORRECT_DATA - Validation failed. Product data is invalid. | [STATUS: 400]"}
{"level":"error","message":"UNAUTHORIZED - Failed to authenticate user | [STATUS: 401]"}
{"level":"error","message":"UNAUTHORIZED - Failed to authenticate user | [STATUS: 401]"}
{"level":"error","message":"UNAUTHORIZED - Failed to authenticate user | [STATUS: 401]"}
{"level":"error","message":"UNAUTHORIZED - Failed to authenticate user | [STATUS: 401]"}
{"level":"error","message":"UNAUTHORIZED - Failed to authenticate user | [STATUS: 401]"}
{"level":"error","message":"UNAUTHORIZED - Failed to authenticate user | [STATUS: 401]"}
{"level":"error","message":"UNAUTHORIZED - Failed to authenticate user | [STATUS: 401]"}
{"level":"error","message":"INCORRECT_DATA - Validation failed. Product data is invalid. | [STATUS: 400]"}
{"level":"error","message":"UNAUTHORIZED - Failed to authenticate user | [STATUS: 401]"}
{"level":"info","message":"Database: mongodb://localhost/ecommerce"}
{"level":"info","message":"Server on port 9090: http://localhost:3000"}
{"level":"http","message":"[GET] /api/products"}
{"level":"http","message":"[POST] /api/products"}
{"level":"http","message":"[POST] /api/products"}
{"level":"error","message":"INCORRECT_DATA - Validation failed. Product data is invalid. | [STATUS: 400]"}
{"level":"info","message":"Database connection closed"}
{"level":"info","message":"Database: mongodb://localhost/ecommerce"}
{"level":"info","message":"Server on port 9090: http://localhost:3000"}
{"level":"http","message":"[POST] /api/sessions"}
{"level":"http","message":"[POST] /api/sessions"}
{"level":"error","message":"UNAUTHORIZED - Failed to authenticate user | [STATUS: 401]"}
{"level":"http","message":"[DELETE] /api/sessions/current"}
{"level":"info","message":"Database connection closed"}
{"level":"info","message":"Database: mongodb://localhost/ecommerce"}
{"level":"info","message":"Server on port 9090: http://localhost:3000"}
{"level":"http","message":"[POST] /api/users"}
{"level":"info","message":"Database connection closed"}
{"level":"error","message":"INCORRECT_DATA - Validation failed. Product data is invalid. | [STATUS: 400]"}
{"level":"error","message":"UNAUTHORIZED - Failed to authenticate user | [STATUS: 401]"}
